<?xml version="1.0" encoding="utf-8"?><testsuites name="pytest tests"><testsuite name="pytest" errors="0" failures="0" skipped="0" tests="38" time="19.552" timestamp="2026-04-27T10:32:27.373806+00:00" hostname="agent-env-3dd0af1a-7b33-413c-8ad3-d7ee9ad0ed79"><testcase classname="test_abilities_unit.TestDecoy" name="test_decoy_persists_through_tiger_turn_and_clears_on_goat_next_action" time="0.000" /><testcase classname="test_abilities_unit.TestDecoy" name="test_decoy_blocks_tiger_slide_into_node" time="0.000" /><testcase classname="test_abilities_unit.TestDecoy" name="test_decoy_cooldown_decreases_each_goat_turn_and_reusable" time="0.000" /><testcase classname="test_abilities_unit.TestFortify" name="test_fortify_protects_goats_from_capture" time="0.000" /><testcase classname="test_abilities_unit.TestFortify" name="test_fortify_clears_after_one_full_cycle" time="0.000" /><testcase classname="test_abilities_unit.TestRoar" name="test_roar_freezes_goats_for_goat_next_turn_only" time="0.000" /><testcase classname="test_abilities_unit.TestRoar" name="test_roar_blocks_goat_movement_when_in_movement_phase" time="0.000" /><testcase classname="test_abilities_unit.TestPounce" name="test_pounce_real_cooldown_3_no_offset" time="0.000" /><testcase classname="test_abilities_unit.TestPounce" name="test_pounce_captures_goat_in_path" time="0.000" /><testcase classname="test_abilities_unit.TestPounce" name="test_pounce_cooldown_blocks_immediate_reuse" time="0.000" /><testcase classname="test_abilities_unit.TestPounce" name="test_pounce_reusable_after_cooldown" time="0.000" /><testcase classname="test_abilities_unit.TestEffectScheduler" name="test_clear_expired_effects_idempotent" time="0.000" /><testcase classname="test_abilities_unit.TestEffectScheduler" name="test_legacy_state_without_until_keys_does_not_crash" time="0.000" /><testcase classname="test_rest" name="test_health" time="0.182" /><testcase classname="test_rest" name="test_board_endpoint" time="0.100" /><testcase classname="test_rest" name="test_register_creates_user_with_initial_economy" time="0.337" /><testcase classname="test_rest" name="test_register_duplicate_email_rejected" time="0.471" /><testcase classname="test_rest" name="test_login_success_returns_token_and_user" time="0.671" /><testcase classname="test_rest" name="test_login_invalid_credentials" time="0.105" /><testcase classname="test_rest" name="test_me_requires_auth" time="0.097" /><testcase classname="test_rest" name="test_me_returns_current_user" time="0.111" /><testcase classname="test_rest" name="test_create_room_returns_6char_code" time="0.104" /><testcase classname="test_rest" name="test_join_room_sets_active_status" time="0.542" /><testcase classname="test_rest" name="test_join_nonexistent_room_returns_404" time="0.120" /><testcase classname="test_rest" name="test_get_room_returns_state" time="0.320" /><testcase classname="test_rest" name="test_leaderboard_sorted_by_rating" time="0.118" /><testcase classname="test_rest" name="test_profile_requires_auth" time="0.098" /><testcase classname="test_rest" name="test_profile_returns_user" time="0.108" /><testcase classname="test_rest" name="test_match_history_returns_list" time="0.109" /><testcase classname="test_websocket" name="test_ws_rejects_invalid_token" time="0.343" /><testcase classname="test_websocket" name="test_ws_accepts_valid_token_and_sends_state" time="1.007" /><testcase classname="test_websocket" name="test_ws_goat_place_during_placement_updates_board" time="1.621" /><testcase classname="test_websocket" name="test_ws_tiger_cannot_place_returns_error" time="0.925" /><testcase classname="test_websocket" name="test_ws_illegal_move_returns_error" time="2.193" /><testcase classname="test_websocket" name="test_ws_unknown_action_returns_error" time="0.900" /><testcase classname="test_websocket" name="test_ws_ping_returns_pong" time="0.964" /><testcase classname="test_websocket" name="test_ws_goat_decoy_ability" time="1.623" /><testcase classname="test_websocket" name="test_ws_full_game_tiger_win_finalizes" time="6.346" /></testsuite></testsuites>