<?xml version="1.0" encoding="utf-8"?><testsuites name="pytest tests"><testsuite name="pytest" errors="0" failures="1" skipped="0" tests="25" time="18.604" timestamp="2026-04-27T10:26:25.573194+00:00" hostname="agent-env-3dd0af1a-7b33-413c-8ad3-d7ee9ad0ed79"><testcase classname="test_rest" name="test_health" time="0.181" /><testcase classname="test_rest" name="test_board_endpoint" time="0.105" /><testcase classname="test_rest" name="test_register_creates_user_with_initial_economy" time="0.336" /><testcase classname="test_rest" name="test_register_duplicate_email_rejected" time="0.430" /><testcase classname="test_rest" name="test_login_success_returns_token_and_user" time="0.683" /><testcase classname="test_rest" name="test_login_invalid_credentials" time="0.100" /><testcase classname="test_rest" name="test_me_requires_auth" time="0.105" /><testcase classname="test_rest" name="test_me_returns_current_user" time="0.106" /><testcase classname="test_rest" name="test_create_room_returns_6char_code" time="0.101" /><testcase classname="test_rest" name="test_join_room_sets_active_status" time="0.588" /><testcase classname="test_rest" name="test_join_nonexistent_room_returns_404" time="0.105" /><testcase classname="test_rest" name="test_get_room_returns_state" time="0.314" /><testcase classname="test_rest" name="test_leaderboard_sorted_by_rating" time="0.107" /><testcase classname="test_rest" name="test_profile_requires_auth" time="0.119" /><testcase classname="test_rest" name="test_profile_returns_user" time="0.106" /><testcase classname="test_rest" name="test_match_history_returns_list" time="0.116" /><testcase classname="test_websocket" name="test_ws_rejects_invalid_token" time="0.371" /><testcase classname="test_websocket" name="test_ws_accepts_valid_token_and_sends_state" time="0.384" /><testcase classname="test_websocket" name="test_ws_goat_place_during_placement_updates_board" time="1.633" /><testcase classname="test_websocket" name="test_ws_tiger_cannot_place_returns_error" time="0.945" /><testcase classname="test_websocket" name="test_ws_illegal_move_returns_error" time="1.925" /><testcase classname="test_websocket" name="test_ws_unknown_action_returns_error" time="0.918" /><testcase classname="test_websocket" name="test_ws_ping_returns_pong" time="0.931" /><testcase classname="test_websocket" name="test_ws_goat_decoy_ability" time="1.639"><failure message="assert None == 22">test_websocket.py:163: in test_ws_goat_decoy_ability
    assert msg["state"]["decoy_node"] == 22
E   assert None == 22</failure></testcase><testcase classname="test_websocket" name="test_ws_full_game_tiger_win_finalizes" time="6.185" /></testsuite></testsuites>