<?xml version="1.0" encoding="utf-8"?><testsuites name="pytest tests"><testsuite name="pytest" errors="0" failures="1" skipped="0" tests="9" time="15.777" timestamp="2026-04-27T10:25:47.917487+00:00" hostname="agent-env-3dd0af1a-7b33-413c-8ad3-d7ee9ad0ed79"><testcase classname="test_websocket" name="test_ws_rejects_invalid_token" time="1.057" /><testcase classname="test_websocket" name="test_ws_accepts_valid_token_and_sends_state" time="0.403" /><testcase classname="test_websocket" name="test_ws_goat_place_during_placement_updates_board" time="1.702" /><testcase classname="test_websocket" name="test_ws_tiger_cannot_place_returns_error" time="0.911" /><testcase classname="test_websocket" name="test_ws_illegal_move_returns_error" time="1.909" /><testcase classname="test_websocket" name="test_ws_unknown_action_returns_error" time="0.940" /><testcase classname="test_websocket" name="test_ws_ping_returns_pong" time="0.945" /><testcase classname="test_websocket" name="test_ws_goat_decoy_ability" time="1.589"><failure message="assert None == 22">test_websocket.py:163: in test_ws_goat_decoy_ability
    assert msg["state"]["decoy_node"] == 22
E   assert None == 22</failure></testcase><testcase classname="test_websocket" name="test_ws_full_game_tiger_win_finalizes" time="6.258" /></testsuite></testsuites>